# JRE version: OpenJDK Runtime Environment (8.0_202-b03) (build 1.8.0_202-release-1483-b03)
# Java VM: OpenJDK 64-Bit Server VM (25.202-b03 mixed mode windows-amd64 compressed oops)
Heap:
 PSYoungGen      total 151552K, used 88742K [0x00000000f5580000, 0x0000000100000000, 0x0000000100000000)
  eden space 136704K, 64% used [0x00000000f5580000,0x00000000fac29bf0,0x00000000fdb00000)
  from space 14848K, 0% used [0x00000000ff180000,0x00000000ff180000,0x0000000100000000)
  to   space 18944K, 0% used [0x00000000fdb00000,0x00000000fdb00000,0x00000000fed80000)
 ParOldGen       total 175104K, used 28346K [0x00000000e0000000, 0x00000000eab00000, 0x00000000f5580000)
  object space 175104K, 16% used [0x00000000e0000000,0x00000000e1baeb40,0x00000000eab00000)
 Metaspace       used 61499K, capacity 63650K, committed 63832K, reserved 1103872K
  class space    used 8321K, capacity 8802K, committed 8832K, reserved 1048576K
GC Heap History (10 events):
Event: 9.294 GC heap before
{Heap before GC invocations=9 (full 2):
 PSYoungGen      total 120320K, used 9806K [0x00000000f5580000, 0x0000000100000000, 0x0000000100000000)
  eden space 107520K, 0% used [0x00000000f5580000,0x00000000f5580000,0x00000000fbe80000)
  from space 12800K, 76% used [0x00000000fbe80000,0x00000000fc813948,0x00000000fcb00000)
  to   space 12800K, 0% used [0x00000000ff380000,0x00000000ff380000,0x0000000100000000)
 ParOldGen       total 175104K, used 7719K [0x00000000e0000000, 0x00000000eab00000, 0x00000000f5580000)
  object space 175104K, 4% used [0x00000000e0000000,0x00000000e0789e60,0x00000000eab00000)
 Metaspace       used 34404K, capacity 35426K, committed 35456K, reserved 1079296K
  class space    used 4731K, capacity 4981K, committed 4992K, reserved 1048576K
Event: 9.398 GC heap after
Heap after GC invocations=9 (full 2):
 PSYoungGen      total 120320K, used 0K [0x00000000f5580000, 0x0000000100000000, 0x0000000100000000)
  eden space 107520K, 0% used [0x00000000f5580000,0x00000000f5580000,0x00000000fbe80000)
  from space 12800K, 0% used [0x00000000fbe80000,0x00000000fbe80000,0x00000000fcb00000)
  to   space 12800K, 0% used [0x00000000ff380000,0x00000000ff380000,0x0000000100000000)
 ParOldGen       total 175104K, used 16739K [0x00000000e0000000, 0x00000000eab00000, 0x00000000f5580000)
  object space 175104K, 9% used [0x00000000e0000000,0x00000000e1058d08,0x00000000eab00000)
 Metaspace       used 34404K, capacity 35426K, committed 35456K, reserved 1079296K
  class space    used 4731K, capacity 4981K, committed 4992K, reserved 1048576K
}
Event: 11.714 GC heap before
{Heap before GC invocations=10 (full 2):
 PSYoungGen      total 120320K, used 107520K [0x00000000f5580000, 0x0000000100000000, 0x0000000100000000)
  eden space 107520K, 100% used [0x00000000f5580000,0x00000000fbe80000,0x00000000fbe80000)
  from space 12800K, 0% used [0x00000000fbe80000,0x00000000fbe80000,0x00000000fcb00000)
  to   space 12800K, 0% used [0x00000000ff380000,0x00000000ff380000,0x0000000100000000)
 ParOldGen       total 175104K, used 16739K [0x00000000e0000000, 0x00000000eab00000, 0x00000000f5580000)
  object space 175104K, 9% used [0x00000000e0000000,0x00000000e1058d08,0x00000000eab00000)
 Metaspace       used 46061K, capacity 47550K, committed 47744K, reserved 1091584K
  class space    used 6104K, capacity 6466K, committed 6528K, reserved 1048576K
Event: 11.734 GC heap after
Heap after GC invocations=10 (full 2):
 PSYoungGen      total 157696K, used 12794K [0x00000000f5580000, 0x0000000100000000, 0x0000000100000000)
  eden space 144896K, 0% used [0x00000000f5580000,0x00000000f5580000,0x00000000fe300000)
  from space 12800K, 99% used [0x00000000ff380000,0x00000000ffffeb60,0x0000000100000000)
  to   space 14848K, 0% used [0x00000000fe300000,0x00000000fe300000,0x00000000ff180000)
 ParOldGen       total 175104K, used 18273K [0x00000000e0000000, 0x00000000eab00000, 0x00000000f5580000)
  object space 175104K, 10% used [0x00000000e0000000,0x00000000e11d8698,0x00000000eab00000)
 Metaspace       used 46061K, capacity 47550K, committed 47744K, reserved 1091584K
  class space    used 6104K, capacity 6466K, committed 6528K, reserved 1048576K
}
Event: 14.834 GC heap before
{Heap before GC invocations=11 (full 2):
 PSYoungGen      total 157696K, used 157690K [0x00000000f5580000, 0x0000000100000000, 0x0000000100000000)
  eden space 144896K, 100% used [0x00000000f5580000,0x00000000fe300000,0x00000000fe300000)
  from space 12800K, 99% used [0x00000000ff380000,0x00000000ffffeb60,0x0000000100000000)
  to   space 14848K, 0% used [0x00000000fe300000,0x00000000fe300000,0x00000000ff180000)
 ParOldGen       total 175104K, used 18273K [0x00000000e0000000, 0x00000000eab00000, 0x00000000f5580000)
  object space 175104K, 10% used [0x00000000e0000000,0x00000000e11d8698,0x00000000eab00000)
 Metaspace       used 56559K, capacity 58634K, committed 58752K, reserved 1099776K
  class space    used 7609K, capacity 8052K, committed 8064K, reserved 1048576K
Event: 14.861 GC heap after
Heap after GC invocations=11 (full 2):
 PSYoungGen      total 159744K, used 14837K [0x00000000f5580000, 0x0000000100000000, 0x0000000100000000)
  eden space 144896K, 0% used [0x00000000f5580000,0x00000000f5580000,0x00000000fe300000)
  from space 14848K, 99% used [0x00000000fe300000,0x00000000ff17d520,0x00000000ff180000)
  to   space 14848K, 0% used [0x00000000ff180000,0x00000000ff180000,0x0000000100000000)
 ParOldGen       total 175104K, used 25513K [0x00000000e0000000, 0x00000000eab00000, 0x00000000f5580000)
  object space 175104K, 14% used [0x00000000e0000000,0x00000000e18ea668,0x00000000eab00000)
 Metaspace       used 56559K, capacity 58634K, committed 58752K, reserved 1099776K
  class space    used 7609K, capacity 8052K, committed 8064K, reserved 1048576K
}
Event: 14.999 GC heap before
{Heap before GC invocations=12 (full 2):
 PSYoungGen      total 159744K, used 23370K [0x00000000f5580000, 0x0000000100000000, 0x0000000100000000)
  eden space 144896K, 5% used [0x00000000f5580000,0x00000000f5dd5598,0x00000000fe300000)
  from space 14848K, 99% used [0x00000000fe300000,0x00000000ff17d520,0x00000000ff180000)
  to   space 14848K, 0% used [0x00000000ff180000,0x00000000ff180000,0x0000000100000000)
 ParOldGen       total 175104K, used 25513K [0x00000000e0000000, 0x00000000eab00000, 0x00000000f5580000)
  object space 175104K, 14% used [0x00000000e0000000,0x00000000e18ea668,0x00000000eab00000)
 Metaspace       used 57014K, capacity 59062K, committed 59096K, reserved 1099776K
  class space    used 7689K, capacity 8164K, committed 8192K, reserved 1048576K
Event: 15.017 GC heap after
Heap after GC invocations=12 (full 2):
 PSYoungGen      total 151552K, used 8873K [0x00000000f5580000, 0x0000000100000000, 0x0000000100000000)
  eden space 136704K, 0% used [0x00000000f5580000,0x00000000f5580000,0x00000000fdb00000)
  from space 14848K, 59% used [0x00000000ff180000,0x00000000ffa2a590,0x0000000100000000)
  to   space 18944K, 0% used [0x00000000fdb00000,0x00000000fdb00000,0x00000000fed80000)
 ParOldGen       total 175104K, used 31091K [0x00000000e0000000, 0x00000000eab00000, 0x00000000f5580000)
  object space 175104K, 17% used [0x00000000e0000000,0x00000000e1e5cd10,0x00000000eab00000)
 Metaspace       used 57014K, capacity 59062K, committed 59096K, reserved 1099776K
  class space    used 7689K, capacity 8164K, committed 8192K, reserved 1048576K
}
Event: 15.017 GC heap before
{Heap before GC invocations=13 (full 3):
 PSYoungGen      total 151552K, used 8873K [0x00000000f5580000, 0x0000000100000000, 0x0000000100000000)
  eden space 136704K, 0% used [0x00000000f5580000,0x00000000f5580000,0x00000000fdb00000)
  from space 14848K, 59% used [0x00000000ff180000,0x00000000ffa2a590,0x0000000100000000)
  to   space 18944K, 0% used [0x00000000fdb00000,0x00000000fdb00000,0x00000000fed80000)
 ParOldGen       total 175104K, used 31091K [0x00000000e0000000, 0x00000000eab00000, 0x00000000f5580000)
  object space 175104K, 17% used [0x00000000e0000000,0x00000000e1e5cd10,0x00000000eab00000)
 Metaspace       used 57014K, capacity 59062K, committed 59096K, reserved 1099776K
  class space    used 7689K, capacity 8164K, committed 8192K, reserved 1048576K
Event: 15.289 GC heap after
Heap after GC invocations=13 (full 3):
 PSYoungGen      total 151552K, used 0K [0x00000000f5580000, 0x0000000100000000, 0x0000000100000000)
  eden space 136704K, 0% used [0x00000000f5580000,0x00000000f5580000,0x00000000fdb00000)
  from space 14848K, 0% used [0x00000000ff180000,0x00000000ff180000,0x0000000100000000)
  to   space 18944K, 0% used [0x00000000fdb00000,0x00000000fdb00000,0x00000000fed80000)
 ParOldGen       total 175104K, used 28346K [0x00000000e0000000, 0x00000000eab00000, 0x00000000f5580000)
  object space 175104K, 16% used [0x00000000e0000000,0x00000000e1baeb40,0x00000000eab00000)
 Metaspace       used 56954K, capacity 58900K, committed 59096K, reserved 1099776K
  class space    used 7672K, capacity 8114K, committed 8192K, reserved 1048576K
}

